

============================== 2022-12-11 08:58:40.295034 | 7d6d458a-d045-4508-9d7b-86b92d1ba414 ==============================
[0m08:58:40.295034 [info ] [MainThread]: Running with dbt=1.3.1
[0m08:58:40.295034 [debug] [MainThread]: running dbt with arguments {'write_json': True, 'use_colors': True, 'printer_width': 80, 'version_check': True, 'partial_parse': True, 'static_parser': True, 'profiles_dir': 'C:\\projects\\govil_airflow_k8_dbt\\dbt', 'send_anonymous_usage_stats': True, 'event_buffer_size': 100000, 'quiet': False, 'no_print': False, 'config_dir': False, 'which': 'debug', 'indirect_selection': 'eager'}
[0m08:58:40.296034 [debug] [MainThread]: Tracking: tracking
[0m08:58:40.709948 [debug] [MainThread]: Sending event: {'category': 'dbt', 'action': 'invocation', 'label': 'start', 'context': [<snowplow_tracker.self_describing_json.SelfDescribingJson object at 0x000001315B0A8E80>, <snowplow_tracker.self_describing_json.SelfDescribingJson object at 0x000001315B0A8F10>, <snowplow_tracker.self_describing_json.SelfDescribingJson object at 0x000001315B0AD5E0>]}
[0m08:58:41.608251 [debug] [MainThread]: Executing "git --help"
[0m08:58:42.051316 [debug] [MainThread]: STDOUT: "b"usage: git [--version] [--help] [-C <path>] [-c <name>=<value>]\n           [--exec-path[=<path>]] [--html-path] [--man-path] [--info-path]\n           [-p | --paginate | -P | --no-pager] [--no-replace-objects] [--bare]\n           [--git-dir=<path>] [--work-tree=<path>] [--namespace=<name>]\n           [--super-prefix=<path>] [--config-env=<name>=<envvar>]\n           <command> [<args>]\n\nThese are common Git commands used in various situations:\n\nstart a working area (see also: git help tutorial)\n   clone     Clone a repository into a new directory\n   init      Create an empty Git repository or reinitialize an existing one\n\nwork on the current change (see also: git help everyday)\n   add       Add file contents to the index\n   mv        Move or rename a file, a directory, or a symlink\n   restore   Restore working tree files\n   rm        Remove files from the working tree and from the index\n\nexamine the history and state (see also: git help revisions)\n   bisect    Use binary search to find the commit that introduced a bug\n   diff      Show changes between commits, commit and working tree, etc\n   grep      Print lines matching a pattern\n   log       Show commit logs\n   show      Show various types of objects\n   status    Show the working tree status\n\ngrow, mark and tweak your common history\n   branch    List, create, or delete branches\n   commit    Record changes to the repository\n   merge     Join two or more development histories together\n   rebase    Reapply commits on top of another base tip\n   reset     Reset current HEAD to the specified state\n   switch    Switch branches\n   tag       Create, list, delete or verify a tag object signed with GPG\n\ncollaborate (see also: git help workflows)\n   fetch     Download objects and refs from another repository\n   pull      Fetch from and integrate with another repository or a local branch\n   push      Update remote refs along with associated objects\n\n'git help -a' and 'git help -g' list available subcommands and some\nconcept guides. See 'git help <command>' or 'git help <concept>'\nto read about a specific subcommand or concept.\nSee 'git help git' for an overview of the system.\n""
[0m08:58:42.051316 [debug] [MainThread]: STDERR: "b''"
[0m08:58:42.059308 [debug] [MainThread]: Acquiring new bigquery connection "debug"
[0m08:58:42.059308 [debug] [MainThread]: Opening a new connection, currently in state init
[0m08:58:42.064310 [debug] [MainThread]: On debug: select 1 as id
[0m08:58:43.875347 [debug] [MainThread]: BigQuery adapter: https://console.cloud.google.com/bigquery?project=govilgil&j=bq:ffb61cf0-8e84-4a25-b140-173e756220a7:US&page=queryresults
[0m08:58:43.878925 [debug] [MainThread]: Sending event: {'category': 'dbt', 'action': 'invocation', 'label': 'end', 'context': [<snowplow_tracker.self_describing_json.SelfDescribingJson object at 0x000001315BCC3D00>, <snowplow_tracker.self_describing_json.SelfDescribingJson object at 0x000001315BCC3CA0>, <snowplow_tracker.self_describing_json.SelfDescribingJson object at 0x000001315BCC3310>]}
[0m08:58:43.879924 [debug] [MainThread]: Flushing usage events
[0m08:58:44.607219 [debug] [MainThread]: Connection 'debug' was properly closed.


============================== 2022-12-11 08:59:50.233877 | 0b3e780c-f828-4f64-8d40-ec218b1badf6 ==============================
[0m08:59:50.233877 [info ] [MainThread]: Running with dbt=1.3.1
[0m08:59:50.234856 [debug] [MainThread]: running dbt with arguments {'write_json': True, 'use_colors': True, 'printer_width': 80, 'version_check': True, 'partial_parse': True, 'static_parser': True, 'profiles_dir': 'C:\\projects\\govil_airflow_k8_dbt\\dbt', 'send_anonymous_usage_stats': True, 'event_buffer_size': 100000, 'quiet': False, 'no_print': False, 'config_dir': False, 'which': 'debug', 'indirect_selection': 'eager'}
[0m08:59:50.234856 [debug] [MainThread]: Tracking: tracking
[0m08:59:50.635066 [debug] [MainThread]: Sending event: {'category': 'dbt', 'action': 'invocation', 'label': 'start', 'context': [<snowplow_tracker.self_describing_json.SelfDescribingJson object at 0x000001071DA473A0>, <snowplow_tracker.self_describing_json.SelfDescribingJson object at 0x000001071DA47CA0>, <snowplow_tracker.self_describing_json.SelfDescribingJson object at 0x000001071DA47640>]}
[0m08:59:51.520421 [debug] [MainThread]: Executing "git --help"
[0m08:59:51.940942 [debug] [MainThread]: STDOUT: "b"usage: git [--version] [--help] [-C <path>] [-c <name>=<value>]\n           [--exec-path[=<path>]] [--html-path] [--man-path] [--info-path]\n           [-p | --paginate | -P | --no-pager] [--no-replace-objects] [--bare]\n           [--git-dir=<path>] [--work-tree=<path>] [--namespace=<name>]\n           [--super-prefix=<path>] [--config-env=<name>=<envvar>]\n           <command> [<args>]\n\nThese are common Git commands used in various situations:\n\nstart a working area (see also: git help tutorial)\n   clone     Clone a repository into a new directory\n   init      Create an empty Git repository or reinitialize an existing one\n\nwork on the current change (see also: git help everyday)\n   add       Add file contents to the index\n   mv        Move or rename a file, a directory, or a symlink\n   restore   Restore working tree files\n   rm        Remove files from the working tree and from the index\n\nexamine the history and state (see also: git help revisions)\n   bisect    Use binary search to find the commit that introduced a bug\n   diff      Show changes between commits, commit and working tree, etc\n   grep      Print lines matching a pattern\n   log       Show commit logs\n   show      Show various types of objects\n   status    Show the working tree status\n\ngrow, mark and tweak your common history\n   branch    List, create, or delete branches\n   commit    Record changes to the repository\n   merge     Join two or more development histories together\n   rebase    Reapply commits on top of another base tip\n   reset     Reset current HEAD to the specified state\n   switch    Switch branches\n   tag       Create, list, delete or verify a tag object signed with GPG\n\ncollaborate (see also: git help workflows)\n   fetch     Download objects and refs from another repository\n   pull      Fetch from and integrate with another repository or a local branch\n   push      Update remote refs along with associated objects\n\n'git help -a' and 'git help -g' list available subcommands and some\nconcept guides. See 'git help <command>' or 'git help <concept>'\nto read about a specific subcommand or concept.\nSee 'git help git' for an overview of the system.\n""
[0m08:59:51.940942 [debug] [MainThread]: STDERR: "b''"
[0m08:59:51.946869 [debug] [MainThread]: Acquiring new bigquery connection "debug"
[0m08:59:51.946869 [debug] [MainThread]: Opening a new connection, currently in state init
[0m08:59:51.950869 [debug] [MainThread]: On debug: select 1 as id
[0m08:59:53.785842 [debug] [MainThread]: BigQuery adapter: https://console.cloud.google.com/bigquery?project=govilgil&j=bq:1b81d5e1-457c-4d46-8749-a8a205256609:US&page=queryresults
[0m08:59:53.788842 [debug] [MainThread]: Sending event: {'category': 'dbt', 'action': 'invocation', 'label': 'end', 'context': [<snowplow_tracker.self_describing_json.SelfDescribingJson object at 0x000001071E64D0A0>, <snowplow_tracker.self_describing_json.SelfDescribingJson object at 0x000001071E6434C0>, <snowplow_tracker.self_describing_json.SelfDescribingJson object at 0x000001071E643D30>]}
[0m08:59:53.788842 [debug] [MainThread]: Flushing usage events
[0m08:59:54.561445 [debug] [MainThread]: Connection 'debug' was properly closed.
