

============================== 2022-12-11 08:58:03.770011 | 957ac5be-7d97-4742-9755-7888d686ad91 ==============================
[0m08:58:03.770011 [info ] [MainThread]: Running with dbt=1.3.1
[0m08:58:03.771610 [debug] [MainThread]: running dbt with arguments {'write_json': True, 'use_colors': True, 'printer_width': 80, 'version_check': True, 'partial_parse': True, 'static_parser': True, 'profiles_dir': 'C:\\Users\\gilc\\.dbt', 'send_anonymous_usage_stats': True, 'event_buffer_size': 100000, 'quiet': False, 'no_print': False, 'config_dir': False, 'which': 'debug', 'indirect_selection': 'eager'}
[0m08:58:03.772012 [debug] [MainThread]: Tracking: tracking
[0m08:58:04.174204 [debug] [MainThread]: Sending event: {'category': 'dbt', 'action': 'invocation', 'label': 'start', 'context': [<snowplow_tracker.self_describing_json.SelfDescribingJson object at 0x000001FA338E83A0>, <snowplow_tracker.self_describing_json.SelfDescribingJson object at 0x000001FA338E8CA0>, <snowplow_tracker.self_describing_json.SelfDescribingJson object at 0x000001FA338E8640>]}
[0m08:58:05.011607 [debug] [MainThread]: Executing "git --help"
[0m08:58:05.444244 [debug] [MainThread]: STDOUT: "b"usage: git [--version] [--help] [-C <path>] [-c <name>=<value>]\n           [--exec-path[=<path>]] [--html-path] [--man-path] [--info-path]\n           [-p | --paginate | -P | --no-pager] [--no-replace-objects] [--bare]\n           [--git-dir=<path>] [--work-tree=<path>] [--namespace=<name>]\n           [--super-prefix=<path>] [--config-env=<name>=<envvar>]\n           <command> [<args>]\n\nThese are common Git commands used in various situations:\n\nstart a working area (see also: git help tutorial)\n   clone     Clone a repository into a new directory\n   init      Create an empty Git repository or reinitialize an existing one\n\nwork on the current change (see also: git help everyday)\n   add       Add file contents to the index\n   mv        Move or rename a file, a directory, or a symlink\n   restore   Restore working tree files\n   rm        Remove files from the working tree and from the index\n\nexamine the history and state (see also: git help revisions)\n   bisect    Use binary search to find the commit that introduced a bug\n   diff      Show changes between commits, commit and working tree, etc\n   grep      Print lines matching a pattern\n   log       Show commit logs\n   show      Show various types of objects\n   status    Show the working tree status\n\ngrow, mark and tweak your common history\n   branch    List, create, or delete branches\n   commit    Record changes to the repository\n   merge     Join two or more development histories together\n   rebase    Reapply commits on top of another base tip\n   reset     Reset current HEAD to the specified state\n   switch    Switch branches\n   tag       Create, list, delete or verify a tag object signed with GPG\n\ncollaborate (see also: git help workflows)\n   fetch     Download objects and refs from another repository\n   pull      Fetch from and integrate with another repository or a local branch\n   push      Update remote refs along with associated objects\n\n'git help -a' and 'git help -g' list available subcommands and some\nconcept guides. See 'git help <command>' or 'git help <concept>'\nto read about a specific subcommand or concept.\nSee 'git help git' for an overview of the system.\n""
[0m08:58:05.445250 [debug] [MainThread]: STDERR: "b''"
[0m08:58:05.450242 [debug] [MainThread]: Acquiring new bigquery connection "debug"
[0m08:58:05.451277 [debug] [MainThread]: Opening a new connection, currently in state init
[0m08:58:16.546327 [debug] [MainThread]: On debug: select 1 as id
[0m08:58:18.979313 [debug] [MainThread]: BigQuery adapter: https://console.cloud.google.com/bigquery?project=govilgil&j=bq:858f2f18-ae02-49a0-b8ad-c88bd128dfed:europe-west3&page=queryresults
[0m08:58:18.985394 [debug] [MainThread]: Sending event: {'category': 'dbt', 'action': 'invocation', 'label': 'end', 'context': [<snowplow_tracker.self_describing_json.SelfDescribingJson object at 0x000001FA2FB7F070>, <snowplow_tracker.self_describing_json.SelfDescribingJson object at 0x000001FA344D4970>, <snowplow_tracker.self_describing_json.SelfDescribingJson object at 0x000001FA344D4850>]}
[0m08:58:18.986432 [debug] [MainThread]: Flushing usage events
[0m08:58:19.798231 [debug] [MainThread]: Connection 'debug' was properly closed.


============================== 2022-12-11 08:59:25.136774 | 37be5640-e9c0-425a-a18d-7245732ca7b8 ==============================
[0m08:59:25.136774 [info ] [MainThread]: Running with dbt=1.3.1
[0m08:59:25.139102 [debug] [MainThread]: running dbt with arguments {'write_json': True, 'use_colors': True, 'printer_width': 80, 'version_check': True, 'partial_parse': True, 'static_parser': True, 'profiles_dir': 'C:\\Users\\gilc\\.dbt', 'send_anonymous_usage_stats': True, 'event_buffer_size': 100000, 'quiet': False, 'no_print': False, 'config_dir': False, 'which': 'debug', 'indirect_selection': 'eager'}
[0m08:59:25.139771 [debug] [MainThread]: Tracking: tracking
[0m08:59:25.610977 [debug] [MainThread]: Sending event: {'category': 'dbt', 'action': 'invocation', 'label': 'start', 'context': [<snowplow_tracker.self_describing_json.SelfDescribingJson object at 0x000001F43FD97310>, <snowplow_tracker.self_describing_json.SelfDescribingJson object at 0x000001F43FD97CA0>, <snowplow_tracker.self_describing_json.SelfDescribingJson object at 0x000001F43FD97640>]}
[0m08:59:26.482134 [debug] [MainThread]: Executing "git --help"
[0m08:59:26.906894 [debug] [MainThread]: STDOUT: "b"usage: git [--version] [--help] [-C <path>] [-c <name>=<value>]\n           [--exec-path[=<path>]] [--html-path] [--man-path] [--info-path]\n           [-p | --paginate | -P | --no-pager] [--no-replace-objects] [--bare]\n           [--git-dir=<path>] [--work-tree=<path>] [--namespace=<name>]\n           [--super-prefix=<path>] [--config-env=<name>=<envvar>]\n           <command> [<args>]\n\nThese are common Git commands used in various situations:\n\nstart a working area (see also: git help tutorial)\n   clone     Clone a repository into a new directory\n   init      Create an empty Git repository or reinitialize an existing one\n\nwork on the current change (see also: git help everyday)\n   add       Add file contents to the index\n   mv        Move or rename a file, a directory, or a symlink\n   restore   Restore working tree files\n   rm        Remove files from the working tree and from the index\n\nexamine the history and state (see also: git help revisions)\n   bisect    Use binary search to find the commit that introduced a bug\n   diff      Show changes between commits, commit and working tree, etc\n   grep      Print lines matching a pattern\n   log       Show commit logs\n   show      Show various types of objects\n   status    Show the working tree status\n\ngrow, mark and tweak your common history\n   branch    List, create, or delete branches\n   commit    Record changes to the repository\n   merge     Join two or more development histories together\n   rebase    Reapply commits on top of another base tip\n   reset     Reset current HEAD to the specified state\n   switch    Switch branches\n   tag       Create, list, delete or verify a tag object signed with GPG\n\ncollaborate (see also: git help workflows)\n   fetch     Download objects and refs from another repository\n   pull      Fetch from and integrate with another repository or a local branch\n   push      Update remote refs along with associated objects\n\n'git help -a' and 'git help -g' list available subcommands and some\nconcept guides. See 'git help <command>' or 'git help <concept>'\nto read about a specific subcommand or concept.\nSee 'git help git' for an overview of the system.\n""
[0m08:59:26.907869 [debug] [MainThread]: STDERR: "b''"
[0m08:59:26.915866 [debug] [MainThread]: Acquiring new bigquery connection "debug"
[0m08:59:26.916863 [debug] [MainThread]: Opening a new connection, currently in state init
[0m08:59:31.807466 [debug] [MainThread]: On debug: select 1 as id
[0m08:59:33.600096 [debug] [MainThread]: BigQuery adapter: https://console.cloud.google.com/bigquery?project=govilgil&j=bq:be45381b-235b-483f-a797-8147e5b20a68:europe-west3&page=queryresults
[0m08:59:33.605078 [debug] [MainThread]: Sending event: {'category': 'dbt', 'action': 'invocation', 'label': 'end', 'context': [<snowplow_tracker.self_describing_json.SelfDescribingJson object at 0x000001F44099EDC0>, <snowplow_tracker.self_describing_json.SelfDescribingJson object at 0x000001F440990820>, <snowplow_tracker.self_describing_json.SelfDescribingJson object at 0x000001F440990520>]}
[0m08:59:33.606076 [debug] [MainThread]: Flushing usage events
[0m08:59:34.435059 [debug] [MainThread]: Connection 'debug' was properly closed.
